INFO: [VRFC 10-2263] Analyzing SystemVerilog file "/home/tansei/pro/vivado/ethane/ethane.srcs/sources_1/new/core.sv" into library xil_defaultlib
INFO: [VRFC 10-311] analyzing module alu
INFO: [VRFC 10-311] analyzing module fpu
INFO: [VRFC 10-311] analyzing module decoder
INFO: [VRFC 10-311] analyzing module fetch_stage
INFO: [VRFC 10-311] analyzing module decode_stage
INFO: [VRFC 10-311] analyzing module branch_unit
INFO: [VRFC 10-311] analyzing module exec_stage_result_mux
INFO: [VRFC 10-311] analyzing module exec_stage
INFO: [VRFC 10-311] analyzing module forwarding_unit
INFO: [VRFC 10-311] analyzing module hazard_unit
INFO: [VRFC 10-311] analyzing module write_stage
INFO: [VRFC 10-311] analyzing module core
INFO: [VRFC 10-2263] Analyzing SystemVerilog file "/home/tansei/pro/vivado/ethane/ethane.srcs/sources_1/new/fadd.sv" into library xil_defaultlib
INFO: [VRFC 10-311] analyzing module fadd
INFO: [VRFC 10-2263] Analyzing SystemVerilog file "/home/tansei/pro/vivado/ethane/ethane.srcs/sources_1/imports/new/fcomp.sv" into library xil_defaultlib
INFO: [VRFC 10-311] analyzing module feq
INFO: [VRFC 10-311] analyzing module flt
INFO: [VRFC 10-311] analyzing module fle
INFO: [VRFC 10-2263] Analyzing SystemVerilog file "/home/tansei/pro/vivado/ethane/ethane.srcs/sources_1/new/fdiv.sv" into library xil_defaultlib
INFO: [VRFC 10-311] analyzing module finv
INFO: [VRFC 10-311] analyzing module mem_inv
INFO: [VRFC 10-311] analyzing module fdiv
INFO: [VRFC 10-2263] Analyzing SystemVerilog file "/home/tansei/pro/vivado/ethane/ethane.srcs/sources_1/new/fmul.sv" into library xil_defaultlib
INFO: [VRFC 10-311] analyzing module fmul
INFO: [VRFC 10-2263] Analyzing SystemVerilog file "/home/tansei/pro/vivado/ethane/ethane.srcs/sources_1/imports/new/fneg.sv" into library xil_defaultlib
INFO: [VRFC 10-311] analyzing module fsgnj
INFO: [VRFC 10-311] analyzing module fsgnjn
INFO: [VRFC 10-2263] Analyzing SystemVerilog file "/home/tansei/pro/vivado/ethane/ethane.srcs/sources_1/new/fsqrt.sv" into library xil_defaultlib
INFO: [VRFC 10-311] analyzing module fsqrt
INFO: [VRFC 10-2263] Analyzing SystemVerilog file "/home/tansei/pro/vivado/ethane/ethane.srcs/sources_1/new/fsub.sv" into library xil_defaultlib
INFO: [VRFC 10-311] analyzing module fsub
INFO: [VRFC 10-2263] Analyzing SystemVerilog file "/home/tansei/pro/vivado/ethane/ethane.srcs/sources_1/new/register.sv" into library xil_defaultlib
INFO: [VRFC 10-311] analyzing module register
INFO: [VRFC 10-311] analyzing module fregister
INFO: [VRFC 10-2263] Analyzing Verilog file "/home/tansei/pro/vivado/ethane/ethane.srcs/sources_1/imports/new/uart.v" into library xil_defaultlib
INFO: [VRFC 10-311] analyzing module uart_wrapper
INFO: [VRFC 10-2263] Analyzing Verilog file "/home/tansei/pro/vivado/ethane/ethane.srcs/sources_1/bd/ethane/ip/ethane_core_wrapper_0_0/sim/ethane_core_wrapper_0_0.v" into library xil_defaultlib
INFO: [VRFC 10-311] analyzing module ethane_core_wrapper_0_0
INFO: [VRFC 10-2263] Analyzing Verilog file "/home/tansei/pro/vivado/ethane/ethane.srcs/sources_1/bd/ethane/ipshared/68f7/hdl/sim_clk_gen.v" into library xil_defaultlib
INFO: [VRFC 10-311] analyzing module sim_clk_gen
INFO: [VRFC 10-2263] Analyzing Verilog file "/home/tansei/pro/vivado/ethane/ethane.srcs/sources_1/bd/ethane/ip/ethane_sim_clk_gen_0_0/sim/ethane_sim_clk_gen_0_0.v" into library xil_defaultlib
INFO: [VRFC 10-311] analyzing module ethane_sim_clk_gen_0_0
INFO: [VRFC 10-2263] Analyzing Verilog file "/home/tansei/pro/vivado/ethane/ethane.srcs/sources_1/bd/ethane/ip/ethane_blk_mem_gen_0_0/sim/ethane_blk_mem_gen_0_0.v" into library xil_defaultlib
INFO: [VRFC 10-311] analyzing module ethane_blk_mem_gen_0_0
INFO: [VRFC 10-2263] Analyzing Verilog file "/home/tansei/pro/vivado/ethane/ethane.srcs/sources_1/bd/ethane/ip/ethane_map_wrapper_0_0/sim/ethane_map_wrapper_0_0.v" into library xil_defaultlib
INFO: [VRFC 10-311] analyzing module ethane_map_wrapper_0_0
INFO: [VRFC 10-2263] Analyzing Verilog file "/home/tansei/pro/vivado/ethane/ethane.srcs/sources_1/bd/ethane/ip/ethane_uart_wrapper_0_0/sim/ethane_uart_wrapper_0_0.v" into library xil_defaultlib
INFO: [VRFC 10-311] analyzing module ethane_uart_wrapper_0_0
INFO: [VRFC 10-2263] Analyzing Verilog file "/home/tansei/pro/vivado/ethane/ethane.srcs/sources_1/bd/ethane/sim/ethane.v" into library xil_defaultlib
INFO: [VRFC 10-311] analyzing module ethane
INFO: [VRFC 10-2263] Analyzing Verilog file "/home/tansei/pro/vivado/ethane/ethane.srcs/sources_1/bd/ethane/ip/ethane_blk_mem_gen_1_0/sim/ethane_blk_mem_gen_1_0.v" into library xil_defaultlib
INFO: [VRFC 10-311] analyzing module ethane_blk_mem_gen_1_0
INFO: [VRFC 10-2263] Analyzing Verilog file "/home/tansei/pro/vivado/ethane/ethane.srcs/sources_1/bd/ethane/hdl/ethane_wrapper.v" into library xil_defaultlib
INFO: [VRFC 10-311] analyzing module ethane_wrapper
