INFO: [VRFC 10-2263] Analyzing SystemVerilog file "/home/tansei/pro/vivado/ethane/ethane.srcs/sources_1/new/core.sv" into library xil_defaultlib
INFO: [VRFC 10-311] analyzing module alu
INFO: [VRFC 10-311] analyzing module translator
INFO: [VRFC 10-311] analyzing module fpu
INFO: [VRFC 10-311] analyzing module decoder
INFO: [VRFC 10-311] analyzing module fetch_stage
INFO: [VRFC 10-311] analyzing module decode_stage
INFO: [VRFC 10-311] analyzing module branch_unit
INFO: [VRFC 10-311] analyzing module exec_stage_result_mux
INFO: [VRFC 10-311] analyzing module exec_stage
INFO: [VRFC 10-311] analyzing module forwarding_unit
INFO: [VRFC 10-311] analyzing module hazard_unit
INFO: [VRFC 10-311] analyzing module write_stage
INFO: [VRFC 10-311] analyzing module core
INFO: [VRFC 10-2263] Analyzing SystemVerilog file "/home/tansei/pro/vivado/ethane/ethane.srcs/sources_1/new/fadd.sv" into library xil_defaultlib
INFO: [VRFC 10-311] analyzing module fadd
INFO: [VRFC 10-2263] Analyzing SystemVerilog file "/home/tansei/pro/vivado/ethane/ethane.srcs/sources_1/imports/new/fcomp.sv" into library xil_defaultlib
INFO: [VRFC 10-311] analyzing module feq
INFO: [VRFC 10-311] analyzing module flt
INFO: [VRFC 10-311] analyzing module fle
INFO: [VRFC 10-2263] Analyzing SystemVerilog file "/home/tansei/pro/vivado/ethane/ethane.srcs/sources_1/new/fdiv.sv" into library xil_defaultlib
INFO: [VRFC 10-311] analyzing module finv
INFO: [VRFC 10-311] analyzing module mem_inv
INFO: [VRFC 10-311] analyzing module fdiv
INFO: [VRFC 10-2263] Analyzing SystemVerilog file "/home/tansei/pro/vivado/ethane/ethane.srcs/sources_1/new/fmul.sv" into library xil_defaultlib
INFO: [VRFC 10-311] analyzing module fmul
INFO: [VRFC 10-2263] Analyzing SystemVerilog file "/home/tansei/pro/vivado/ethane/ethane.srcs/sources_1/imports/new/fneg.sv" into library xil_defaultlib
INFO: [VRFC 10-311] analyzing module fsgnj
INFO: [VRFC 10-311] analyzing module fsgnjn
INFO: [VRFC 10-2263] Analyzing SystemVerilog file "/home/tansei/pro/vivado/ethane/ethane.srcs/sources_1/new/fsqrt.sv" into library xil_defaultlib
INFO: [VRFC 10-311] analyzing module fsqrt
INFO: [VRFC 10-2263] Analyzing SystemVerilog file "/home/tansei/pro/vivado/ethane/ethane.srcs/sources_1/new/fsub.sv" into library xil_defaultlib
INFO: [VRFC 10-311] analyzing module fsub
INFO: [VRFC 10-2263] Analyzing SystemVerilog file "/home/tansei/pro/vivado/ethane/ethane.srcs/sources_1/new/ftoi.sv" into library xil_defaultlib
INFO: [VRFC 10-311] analyzing module ftoi
INFO: [VRFC 10-2263] Analyzing SystemVerilog file "/home/tansei/pro/vivado/ethane/ethane.srcs/sources_1/new/itof.sv" into library xil_defaultlib
INFO: [VRFC 10-311] analyzing module itof
INFO: [VRFC 10-2263] Analyzing SystemVerilog file "/home/tansei/pro/vivado/ethane/ethane.srcs/sources_1/new/register.sv" into library xil_defaultlib
INFO: [VRFC 10-311] analyzing module register
INFO: [VRFC 10-311] analyzing module fregister
