#-----------------------------------------------------------
# Vivado v2017.4 (64-bit)
# SW Build 2086221 on Fri Dec 15 20:54:30 MST 2017
# IP Build 2085800 on Fri Dec 15 22:25:07 MST 2017
# Start of session at: Fri Dec  7 20:03:08 2018
# Process ID: 21562
# Current directory: /home/tansei/pro/vivado/ethane
# Command line: vivado
# Log file: /home/tansei/pro/vivado/ethane/vivado.log
# Journal file: /home/tansei/pro/vivado/ethane/vivado.jou
#-----------------------------------------------------------
Sourcing tcl script '/home/tansei/.Xilinx/Vivado/Vivado_init.tcl'
start_gui
open_project /home/tansei/pro/vivado/ethane/ethane.xpr
Scanning sources...
Finished scanning sources
INFO: [IP_Flow 19-234] Refreshing IP repositories
INFO: [IP_Flow 19-1704] No user IP repositories specified
INFO: [IP_Flow 19-2313] Loaded Vivado IP repository '/opt/Xilinx/Vivado/2017.4/data/ip'.
open_project: Time (s): cpu = 00:00:12 ; elapsed = 00:00:08 . Memory (MB): peak = 6123.824 ; gain = 98.691 ; free physical = 9624 ; free virtual = 29810
update_compile_order -fileset sources_1
open_bd_design {/home/tansei/pro/vivado/ethane/ethane.srcs/sources_1/bd/ethane/ethane.bd}
Successfully read diagram <ethane> from BD file </home/tansei/pro/vivado/ethane/ethane.srcs/sources_1/bd/ethane/ethane.bd>
WARNING: [filemgmt 56-199] Attempt to get parsing info during refresh. "On-the-fly" syntax checking information may be incorrect. [/home/tansei/pro/vivado/ethane/ethane.srcs/sources_1/new/core.sv:]
WARNING: [filemgmt 56-199] Attempt to get parsing info during refresh. "On-the-fly" syntax checking information may be incorrect. [/home/tansei/pro/vivado/ethane/ethane.srcs/sources_1/new/core.sv:]
WARNING: [filemgmt 56-199] Attempt to get parsing info during refresh. "On-the-fly" syntax checking information may be incorrect. [/home/tansei/pro/vivado/ethane/ethane.srcs/sources_1/new/core.sv:]
WARNING: [filemgmt 56-199] Attempt to get parsing info during refresh. "On-the-fly" syntax checking information may be incorrect. [/home/tansei/pro/vivado/ethane/ethane.srcs/sources_1/new/core.sv:]
WARNING: [filemgmt 56-199] Attempt to get parsing info during refresh. "On-the-fly" syntax checking information may be incorrect. [/home/tansei/pro/vivado/ethane/ethane.srcs/sources_1/new/core.sv:]
WARNING: [filemgmt 56-199] Attempt to get parsing info during refresh. "On-the-fly" syntax checking information may be incorrect. [/home/tansei/pro/vivado/ethane/ethane.srcs/sources_1/new/core.sv:]
WARNING: [filemgmt 56-199] Attempt to get parsing info during refresh. "On-the-fly" syntax checking information may be incorrect. [/home/tansei/pro/vivado/ethane/ethane.srcs/sources_1/new/core.sv:]
WARNING: [filemgmt 56-199] Attempt to get parsing info during refresh. "On-the-fly" syntax checking information may be incorrect. [/home/tansei/pro/vivado/ethane/ethane.srcs/sources_1/new/core.sv:]
WARNING: [filemgmt 56-199] Attempt to get parsing info during refresh. "On-the-fly" syntax checking information may be incorrect. [/home/tansei/pro/vivado/ethane/ethane.srcs/sources_1/new/core.sv:]
WARNING: [filemgmt 56-199] Attempt to get parsing info during refresh. "On-the-fly" syntax checking information may be incorrect. [/home/tansei/pro/vivado/ethane/ethane.srcs/sources_1/new/core.sv:]
WARNING: [filemgmt 56-199] Attempt to get parsing info during refresh. "On-the-fly" syntax checking information may be incorrect. [/home/tansei/pro/vivado/ethane/ethane.srcs/sources_1/new/core.sv:]
WARNING: [filemgmt 56-199] Attempt to get parsing info during refresh. "On-the-fly" syntax checking information may be incorrect. [/home/tansei/pro/vivado/ethane/ethane.srcs/sources_1/new/core.sv:]
WARNING: [filemgmt 56-199] Attempt to get parsing info during refresh. "On-the-fly" syntax checking information may be incorrect. [/home/tansei/pro/vivado/ethane/ethane.srcs/sources_1/new/core.sv:]
WARNING: [filemgmt 56-199] Attempt to get parsing info during refresh. "On-the-fly" syntax checking information may be incorrect. [/home/tansei/pro/vivado/ethane/ethane.srcs/sources_1/new/core.sv:]
WARNING: [filemgmt 56-199] Attempt to get parsing info during refresh. "On-the-fly" syntax checking information may be incorrect. [/home/tansei/pro/vivado/ethane/ethane.srcs/sources_1/new/core.sv:]
WARNING: [filemgmt 56-199] Attempt to get parsing info during refresh. "On-the-fly" syntax checking information may be incorrect. [/home/tansei/pro/vivado/ethane/ethane.srcs/sources_1/new/core.sv:]
WARNING: [filemgmt 56-199] Attempt to get parsing info during refresh. "On-the-fly" syntax checking information may be incorrect. [/home/tansei/pro/vivado/ethane/ethane.srcs/sources_1/new/core.sv:]
WARNING: [filemgmt 56-199] Attempt to get parsing info during refresh. "On-the-fly" syntax checking information may be incorrect. [/home/tansei/pro/vivado/ethane/ethane.srcs/sources_1/new/core.sv:]
WARNING: [filemgmt 56-199] Attempt to get parsing info during refresh. "On-the-fly" syntax checking information may be incorrect. [/home/tansei/pro/vivado/ethane/ethane.srcs/sources_1/new/core.sv:]
WARNING: [filemgmt 56-199] Attempt to get parsing info during refresh. "On-the-fly" syntax checking information may be incorrect. [/home/tansei/pro/vivado/ethane/ethane.srcs/sources_1/new/core.sv:]
WARNING: [filemgmt 56-199] Attempt to get parsing info during refresh. "On-the-fly" syntax checking information may be incorrect. [/home/tansei/pro/vivado/ethane/ethane.srcs/sources_1/new/core.sv:]
WARNING: [filemgmt 56-199] Attempt to get parsing info during refresh. "On-the-fly" syntax checking information may be incorrect. [/home/tansei/pro/vivado/ethane/ethane.srcs/sources_1/new/core.sv:]
WARNING: [filemgmt 56-199] Attempt to get parsing info during refresh. "On-the-fly" syntax checking information may be incorrect. [/home/tansei/pro/vivado/ethane/ethane.srcs/sources_1/new/core.sv:]
WARNING: [filemgmt 56-199] Attempt to get parsing info during refresh. "On-the-fly" syntax checking information may be incorrect. [/home/tansei/pro/vivado/ethane/ethane.srcs/sources_1/new/core.sv:]
WARNING: [filemgmt 56-199] Attempt to get parsing info during refresh. "On-the-fly" syntax checking information may be incorrect. [/home/tansei/pro/vivado/ethane/ethane.srcs/sources_1/new/core.sv:]
WARNING: [filemgmt 56-199] Attempt to get parsing info during refresh. "On-the-fly" syntax checking information may be incorrect. [/home/tansei/pro/vivado/ethane/ethane.srcs/sources_1/new/core.sv:]
WARNING: [filemgmt 56-199] Attempt to get parsing info during refresh. "On-the-fly" syntax checking information may be incorrect. [/home/tansei/pro/vivado/ethane/ethane.srcs/sources_1/new/core.sv:]
WARNING: [filemgmt 56-199] Attempt to get parsing info during refresh. "On-the-fly" syntax checking information may be incorrect. [/home/tansei/pro/vivado/ethane/ethane.srcs/sources_1/new/core.sv:]
WARNING: [filemgmt 56-199] Attempt to get parsing info during refresh. "On-the-fly" syntax checking information may be incorrect. [/home/tansei/pro/vivado/ethane/ethane.srcs/sources_1/new/core.sv:]
WARNING: [filemgmt 56-199] Attempt to get parsing info during refresh. "On-the-fly" syntax checking information may be incorrect. [/home/tansei/pro/vivado/ethane/ethane.srcs/sources_1/new/core.sv:]
WARNING: [filemgmt 56-199] Attempt to get parsing info during refresh. "On-the-fly" syntax checking information may be incorrect. [/home/tansei/pro/vivado/ethane/ethane.srcs/sources_1/new/core.sv:]
WARNING: [filemgmt 56-199] Attempt to get parsing info during refresh. "On-the-fly" syntax checking information may be incorrect. [/home/tansei/pro/vivado/ethane/ethane.srcs/sources_1/new/core.sv:]
WARNING: [filemgmt 56-199] Attempt to get parsing info during refresh. "On-the-fly" syntax checking information may be incorrect. [/home/tansei/pro/vivado/ethane/ethane.srcs/sources_1/new/core.sv:]
WARNING: [filemgmt 56-199] Attempt to get parsing info during refresh. "On-the-fly" syntax checking information may be incorrect. [/home/tansei/pro/vivado/ethane/ethane.srcs/sources_1/new/core.sv:]
WARNING: [filemgmt 56-199] Attempt to get parsing info during refresh. "On-the-fly" syntax checking information may be incorrect. [/home/tansei/pro/vivado/ethane/ethane.srcs/sources_1/new/core.sv:]
WARNING: [filemgmt 56-199] Attempt to get parsing info during refresh. "On-the-fly" syntax checking information may be incorrect. [/home/tansei/pro/vivado/ethane/ethane.srcs/sources_1/new/core.sv:]
WARNING: [filemgmt 56-199] Attempt to get parsing info during refresh. "On-the-fly" syntax checking information may be incorrect. [/home/tansei/pro/vivado/ethane/ethane.srcs/sources_1/new/core.sv:]
WARNING: [filemgmt 56-199] Attempt to get parsing info during refresh. "On-the-fly" syntax checking information may be incorrect. [/home/tansei/pro/vivado/ethane/ethane.srcs/sources_1/new/core.sv:]
WARNING: [filemgmt 56-199] Attempt to get parsing info during refresh. "On-the-fly" syntax checking information may be incorrect. [/home/tansei/pro/vivado/ethane/ethane.srcs/sources_1/new/core.sv:]
WARNING: [filemgmt 56-199] Attempt to get parsing info during refresh. "On-the-fly" syntax checking information may be incorrect. [/home/tansei/pro/vivado/ethane/ethane.srcs/sources_1/new/core.sv:]
WARNING: [filemgmt 56-199] Attempt to get parsing info during refresh. "On-the-fly" syntax checking information may be incorrect. [/home/tansei/pro/vivado/ethane/ethane.srcs/sources_1/new/core.sv:]
WARNING: [filemgmt 56-199] Attempt to get parsing info during refresh. "On-the-fly" syntax checking information may be incorrect. [/home/tansei/pro/vivado/ethane/ethane.srcs/sources_1/new/core.sv:]
WARNING: [filemgmt 56-199] Attempt to get parsing info during refresh. "On-the-fly" syntax checking information may be incorrect. [/home/tansei/pro/vivado/ethane/ethane.srcs/sources_1/new/core.sv:]
WARNING: [filemgmt 56-199] Attempt to get parsing info during refresh. "On-the-fly" syntax checking information may be incorrect. [/home/tansei/pro/vivado/ethane/ethane.srcs/sources_1/new/core.sv:]
WARNING: [filemgmt 56-199] Attempt to get parsing info during refresh. "On-the-fly" syntax checking information may be incorrect. [/home/tansei/pro/vivado/ethane/ethane.srcs/sources_1/new/core.sv:]
WARNING: [filemgmt 56-199] Attempt to get parsing info during refresh. "On-the-fly" syntax checking information may be incorrect. [/home/tansei/pro/vivado/ethane/ethane.srcs/sources_1/new/core.sv:]
WARNING: [filemgmt 56-199] Attempt to get parsing info during refresh. "On-the-fly" syntax checking information may be incorrect. [/home/tansei/pro/vivado/ethane/ethane.srcs/sources_1/new/core.sv:]
WARNING: [filemgmt 56-199] Attempt to get parsing info during refresh. "On-the-fly" syntax checking information may be incorrect. [/home/tansei/pro/vivado/ethane/ethane.srcs/sources_1/new/core.sv:]
WARNING: [filemgmt 56-199] Attempt to get parsing info during refresh. "On-the-fly" syntax checking information may be incorrect. [/home/tansei/pro/vivado/ethane/ethane.srcs/sources_1/new/core.sv:]
WARNING: [filemgmt 56-199] Attempt to get parsing info during refresh. "On-the-fly" syntax checking information may be incorrect. [/home/tansei/pro/vivado/ethane/ethane.srcs/sources_1/new/core.sv:]
WARNING: [filemgmt 56-199] Attempt to get parsing info during refresh. "On-the-fly" syntax checking information may be incorrect. [/home/tansei/pro/vivado/ethane/ethane.srcs/sources_1/new/core.sv:]
WARNING: [filemgmt 56-199] Attempt to get parsing info during refresh. "On-the-fly" syntax checking information may be incorrect. [/home/tansei/pro/vivado/ethane/ethane.srcs/sources_1/new/core.sv:]
WARNING: [filemgmt 56-199] Attempt to get parsing info during refresh. "On-the-fly" syntax checking information may be incorrect. [/home/tansei/pro/vivado/ethane/ethane.srcs/sources_1/new/core.sv:]
WARNING: [filemgmt 56-199] Attempt to get parsing info during refresh. "On-the-fly" syntax checking information may be incorrect. [/home/tansei/pro/vivado/ethane/ethane.srcs/sources_1/new/core.sv:]
WARNING: [filemgmt 56-199] Attempt to get parsing info during refresh. "On-the-fly" syntax checking information may be incorrect. [/home/tansei/pro/vivado/ethane/ethane.srcs/sources_1/new/core.sv:]
WARNING: [filemgmt 56-199] Attempt to get parsing info during refresh. "On-the-fly" syntax checking information may be incorrect. [/home/tansei/pro/vivado/ethane/ethane.srcs/sources_1/new/core.sv:]
WARNING: [filemgmt 56-199] Attempt to get parsing info during refresh. "On-the-fly" syntax checking information may be incorrect. [/home/tansei/pro/vivado/ethane/ethane.srcs/sources_1/new/core.sv:]
WARNING: [filemgmt 56-199] Attempt to get parsing info during refresh. "On-the-fly" syntax checking information may be incorrect. [/home/tansei/pro/vivado/ethane/ethane.srcs/sources_1/new/core.sv:]
WARNING: [filemgmt 56-199] Attempt to get parsing info during refresh. "On-the-fly" syntax checking information may be incorrect. [/home/tansei/pro/vivado/ethane/ethane.srcs/sources_1/new/core.sv:]
WARNING: [filemgmt 56-199] Attempt to get parsing info during refresh. "On-the-fly" syntax checking information may be incorrect. [/home/tansei/pro/vivado/ethane/ethane.srcs/sources_1/new/core.sv:]
WARNING: [filemgmt 56-199] Attempt to get parsing info during refresh. "On-the-fly" syntax checking information may be incorrect. [/home/tansei/pro/vivado/ethane/ethane.srcs/sources_1/new/core.sv:]
WARNING: [filemgmt 56-199] Attempt to get parsing info during refresh. "On-the-fly" syntax checking information may be incorrect. [/home/tansei/pro/vivado/ethane/ethane.srcs/sources_1/new/core.sv:]
WARNING: [filemgmt 56-199] Attempt to get parsing info during refresh. "On-the-fly" syntax checking information may be incorrect. [/home/tansei/pro/vivado/ethane/ethane.srcs/sources_1/new/core.sv:]
WARNING: [filemgmt 56-199] Attempt to get parsing info during refresh. "On-the-fly" syntax checking information may be incorrect. [/home/tansei/pro/vivado/ethane/ethane.srcs/sources_1/new/core.sv:]
WARNING: [filemgmt 56-199] Attempt to get parsing info during refresh. "On-the-fly" syntax checking information may be incorrect. [/home/tansei/pro/vivado/ethane/ethane.srcs/sources_1/new/core.sv:]
WARNING: [filemgmt 56-199] Attempt to get parsing info during refresh. "On-the-fly" syntax checking information may be incorrect. [/home/tansei/pro/vivado/ethane/ethane.srcs/sources_1/new/core.sv:]
WARNING: [filemgmt 56-199] Attempt to get parsing info during refresh. "On-the-fly" syntax checking information may be incorrect. [/home/tansei/pro/vivado/ethane/ethane.srcs/sources_1/new/core.sv:]
WARNING: [filemgmt 56-199] Attempt to get parsing info during refresh. "On-the-fly" syntax checking information may be incorrect. [/home/tansei/pro/vivado/ethane/ethane.srcs/sources_1/new/core.sv:]
WARNING: [filemgmt 56-199] Attempt to get parsing info during refresh. "On-the-fly" syntax checking information may be incorrect. [/home/tansei/pro/vivado/ethane/ethane.srcs/sources_1/new/core.sv:]
WARNING: [filemgmt 56-199] Attempt to get parsing info during refresh. "On-the-fly" syntax checking information may be incorrect. [/home/tansei/pro/vivado/ethane/ethane.srcs/sources_1/new/core.sv:]
WARNING: [filemgmt 56-199] Attempt to get parsing info during refresh. "On-the-fly" syntax checking information may be incorrect. [/home/tansei/pro/vivado/ethane/ethane.srcs/sources_1/new/core.sv:]
WARNING: [filemgmt 56-199] Attempt to get parsing info during refresh. "On-the-fly" syntax checking information may be incorrect. [/home/tansei/pro/vivado/ethane/ethane.srcs/sources_1/new/core.sv:]
WARNING: [filemgmt 56-199] Attempt to get parsing info during refresh. "On-the-fly" syntax checking information may be incorrect. [/home/tansei/pro/vivado/ethane/ethane.srcs/sources_1/new/core.sv:]
WARNING: [filemgmt 56-199] Attempt to get parsing info during refresh. "On-the-fly" syntax checking information may be incorrect. [/home/tansei/pro/vivado/ethane/ethane.srcs/sources_1/new/core.sv:]
WARNING: [filemgmt 56-199] Attempt to get parsing info during refresh. "On-the-fly" syntax checking information may be incorrect. [/home/tansei/pro/vivado/ethane/ethane.srcs/sources_1/new/core.sv:]
WARNING: [filemgmt 56-199] Attempt to get parsing info during refresh. "On-the-fly" syntax checking information may be incorrect. [/home/tansei/pro/vivado/ethane/ethane.srcs/sources_1/new/core.sv:]
WARNING: [filemgmt 56-199] Attempt to get parsing info during refresh. "On-the-fly" syntax checking information may be incorrect. [/home/tansei/pro/vivado/ethane/ethane.srcs/sources_1/new/core.sv:]
WARNING: [filemgmt 56-199] Attempt to get parsing info during refresh. "On-the-fly" syntax checking information may be incorrect. [/home/tansei/pro/vivado/ethane/ethane.srcs/sources_1/new/core.sv:]
WARNING: [filemgmt 56-199] Attempt to get parsing info during refresh. "On-the-fly" syntax checking information may be incorrect. [/home/tansei/pro/vivado/ethane/ethane.srcs/sources_1/new/core.sv:]
WARNING: [filemgmt 56-199] Attempt to get parsing info during refresh. "On-the-fly" syntax checking information may be incorrect. [/home/tansei/pro/vivado/ethane/ethane.srcs/sources_1/new/core.sv:]
WARNING: [filemgmt 56-199] Attempt to get parsing info during refresh. "On-the-fly" syntax checking information may be incorrect. [/home/tansei/pro/vivado/ethane/ethane.srcs/sources_1/new/core.sv:]
WARNING: [filemgmt 56-199] Attempt to get parsing info during refresh. "On-the-fly" syntax checking information may be incorrect. [/home/tansei/pro/vivado/ethane/ethane.srcs/sources_1/new/core.sv:]
WARNING: [filemgmt 56-199] Attempt to get parsing info during refresh. "On-the-fly" syntax checking information may be incorrect. [/home/tansei/pro/vivado/ethane/ethane.srcs/sources_1/new/core.sv:]
WARNING: [filemgmt 56-199] Attempt to get parsing info during refresh. "On-the-fly" syntax checking information may be incorrect. [/home/tansei/pro/vivado/ethane/ethane.srcs/sources_1/new/core.sv:]
WARNING: [filemgmt 56-199] Attempt to get parsing info during refresh. "On-the-fly" syntax checking information may be incorrect. [/home/tansei/pro/vivado/ethane/ethane.srcs/sources_1/new/core.sv:]
WARNING: [filemgmt 56-199] Attempt to get parsing info during refresh. "On-the-fly" syntax checking information may be incorrect. [/home/tansei/pro/vivado/ethane/ethane.srcs/sources_1/new/core.sv:]
WARNING: [filemgmt 56-199] Attempt to get parsing info during refresh. "On-the-fly" syntax checking information may be incorrect. [/home/tansei/pro/vivado/ethane/ethane.srcs/sources_1/new/core.sv:]
WARNING: [filemgmt 56-199] Attempt to get parsing info during refresh. "On-the-fly" syntax checking information may be incorrect. [/home/tansei/pro/vivado/ethane/ethane.srcs/sources_1/new/core.sv:]
WARNING: [filemgmt 56-199] Attempt to get parsing info during refresh. "On-the-fly" syntax checking information may be incorrect. [/home/tansei/pro/vivado/ethane/ethane.srcs/sources_1/new/core.sv:]
WARNING: [filemgmt 56-199] Attempt to get parsing info during refresh. "On-the-fly" syntax checking information may be incorrect. [/home/tansei/pro/vivado/ethane/ethane.srcs/sources_1/new/core.sv:]
WARNING: [filemgmt 56-199] Attempt to get parsing info during refresh. "On-the-fly" syntax checking information may be incorrect. [/home/tansei/pro/vivado/ethane/ethane.srcs/sources_1/new/core.sv:]
WARNING: [filemgmt 56-199] Attempt to get parsing info during refresh. "On-the-fly" syntax checking information may be incorrect. [/home/tansei/pro/vivado/ethane/ethane.srcs/sources_1/new/core.sv:]
WARNING: [filemgmt 56-199] Attempt to get parsing info during refresh. "On-the-fly" syntax checking information may be incorrect. [/home/tansei/pro/vivado/ethane/ethane.srcs/sources_1/new/core.sv:]
WARNING: [filemgmt 56-199] Attempt to get parsing info during refresh. "On-the-fly" syntax checking information may be incorrect. [/home/tansei/pro/vivado/ethane/ethane.srcs/sources_1/new/core.sv:]
WARNING: [filemgmt 56-199] Attempt to get parsing info during refresh. "On-the-fly" syntax checking information may be incorrect. [/home/tansei/pro/vivado/ethane/ethane.srcs/sources_1/new/core.sv:]
WARNING: [filemgmt 56-199] Attempt to get parsing info during refresh. "On-the-fly" syntax checking information may be incorrect. [/home/tansei/pro/vivado/ethane/ethane.srcs/sources_1/new/core.sv:]
WARNING: [filemgmt 56-199] Attempt to get parsing info during refresh. "On-the-fly" syntax checking information may be incorrect. [/home/tansei/pro/vivado/ethane/ethane.srcs/sources_1/new/core.sv:]
WARNING: [filemgmt 56-199] Attempt to get parsing info during refresh. "On-the-fly" syntax checking information may be incorrect. [/home/tansei/pro/vivado/ethane/ethane.srcs/sources_1/new/core.sv:]
WARNING: [filemgmt 56-199] Attempt to get parsing info during refresh. "On-the-fly" syntax checking information may be incorrect. [/home/tansei/pro/vivado/ethane/ethane.srcs/sources_1/new/core.sv:]
WARNING: [filemgmt 56-199] Attempt to get parsing info during refresh. "On-the-fly" syntax checking information may be incorrect. [/home/tansei/pro/vivado/ethane/ethane.srcs/sources_1/new/core.sv:]
WARNING: [filemgmt 56-199] Attempt to get parsing info during refresh. "On-the-fly" syntax checking information may be incorrect. [/home/tansei/pro/vivado/ethane/ethane.srcs/sources_1/new/core.sv:]
WARNING: [filemgmt 56-199] Attempt to get parsing info during refresh. "On-the-fly" syntax checking information may be incorrect. [/home/tansei/pro/vivado/ethane/ethane.srcs/sources_1/new/core.sv:]
WARNING: [filemgmt 56-199] Attempt to get parsing info during refresh. "On-the-fly" syntax checking information may be incorrect. [/home/tansei/pro/vivado/ethane/ethane.srcs/sources_1/new/core.sv:]
WARNING: [filemgmt 56-199] Attempt to get parsing info during refresh. "On-the-fly" syntax checking information may be incorrect. [/home/tansei/pro/vivado/ethane/ethane.srcs/sources_1/new/core.sv:]
